[2024-06-24T13:54:21.500+0000] {local_task_job_runner.py:120} INFO - ::group::Pre task execution logs
[2024-06-24T13:54:21.566+0000] {taskinstance.py:2076} INFO - Dependencies all met for dep_context=non-requeueable deps ti=<TaskInstance: my_dag.choose_best_model scheduled__2024-06-23T00:00:00+00:00 [queued]>
[2024-06-24T13:54:21.619+0000] {taskinstance.py:2076} INFO - Dependencies all met for dep_context=requeueable deps ti=<TaskInstance: my_dag.choose_best_model scheduled__2024-06-23T00:00:00+00:00 [queued]>
[2024-06-24T13:54:21.624+0000] {taskinstance.py:2306} INFO - Starting attempt 1 of 1
[2024-06-24T13:54:21.666+0000] {taskinstance.py:2330} INFO - Executing <Task(BranchPythonOperator): choose_best_model> on 2024-06-23 00:00:00+00:00
[2024-06-24T13:54:21.690+0000] {warnings.py:112} WARNING - /home/***/.local/lib/python3.12/site-packages/***/task/task_runner/standard_task_runner.py:61: DeprecationWarning: This process (pid=632) is multi-threaded, use of fork() may lead to deadlocks in the child.
  pid = os.fork()

[2024-06-24T13:54:21.703+0000] {standard_task_runner.py:63} INFO - Started process 634 to run task
[2024-06-24T13:54:21.712+0000] {standard_task_runner.py:90} INFO - Running: ['***', 'tasks', 'run', 'my_dag', 'choose_best_model', 'scheduled__2024-06-23T00:00:00+00:00', '--job-id', '10', '--raw', '--subdir', 'DAGS_FOLDER/my_dag.py', '--cfg-path', '/tmp/tmpjon19ey3']
[2024-06-24T13:54:21.719+0000] {standard_task_runner.py:91} INFO - Job 10: Subtask choose_best_model
[2024-06-24T13:54:21.844+0000] {task_command.py:426} INFO - Running <TaskInstance: my_dag.choose_best_model scheduled__2024-06-23T00:00:00+00:00 [running]> on host bdf37b3fc48d
[2024-06-24T13:54:21.993+0000] {taskinstance.py:2648} INFO - Exporting env vars: AIRFLOW_CTX_DAG_OWNER='***' AIRFLOW_CTX_DAG_ID='my_dag' AIRFLOW_CTX_TASK_ID='choose_best_model' AIRFLOW_CTX_EXECUTION_DATE='2024-06-23T00:00:00+00:00' AIRFLOW_CTX_TRY_NUMBER='1' AIRFLOW_CTX_DAG_RUN_ID='scheduled__2024-06-23T00:00:00+00:00'
[2024-06-24T13:54:21.998+0000] {taskinstance.py:430} INFO - ::endgroup::
[2024-06-24T13:54:22.000+0000] {baseoperator.py:400} WARNING - BranchPythonOperator.execute cannot be called outside TaskInstance!
[2024-06-24T13:54:22.044+0000] {python.py:237} INFO - Done. Returned value was: inaccurate
[2024-06-24T13:54:22.046+0000] {branch.py:36} INFO - Branch into inaccurate
[2024-06-24T13:54:22.047+0000] {skipmixin.py:178} INFO - Following branch inaccurate
[2024-06-24T13:54:22.090+0000] {skipmixin.py:246} INFO - Skipping tasks [('accurate', -1)]
[2024-06-24T13:54:22.138+0000] {taskinstance.py:441} INFO - ::group::Post task execution logs
[2024-06-24T13:54:22.175+0000] {taskinstance.py:1206} INFO - Marking task as SUCCESS. dag_id=my_dag, task_id=choose_best_model, run_id=scheduled__2024-06-23T00:00:00+00:00, execution_date=20240623T000000, start_date=20240624T135421, end_date=20240624T135422
[2024-06-24T13:54:22.233+0000] {local_task_job_runner.py:240} INFO - Task exited with return code 0
[2024-06-24T13:54:22.338+0000] {taskinstance.py:3503} INFO - 1 downstream tasks scheduled from follow-on schedule check
[2024-06-24T13:54:22.342+0000] {local_task_job_runner.py:222} INFO - ::endgroup::
